<?xml version="1.0" encoding="UTF-8"?>
<robot generator="Robot 7.1 (Python 3.10.11 on win32)" generated="2024-09-22T01:27:37.293339" rpa="false" schemaversion="5">
<suite id="s1" name="RegisterTestcases" source="C:\Users\เนติธร\Downloads\Software Test\automate-future-skill\testcases\RegisterTestcases.robot">
<kw name="Open Browser" owner="SeleniumLibrary" type="SETUP">
<msg time="2024-09-22T01:27:37.540615" level="INFO">Opening browser 'chrome' to base url 'https://futureskill.co/'.</msg>
<arg>${baseUrl}</arg>
<arg>chrome</arg>
<doc>Opens a new browser instance to the optional ``url``.</doc>
<status status="PASS" start="2024-09-22T01:27:37.540615" elapsed="2.266412"/>
</kw>
<test id="s1-t1" name="สมัครสมาชิกของ Future Skill" line="12">
<kw name="When user login to future skill platform with ${emailRegis} and ${first_name} and ${last_name} and ${phone} and ${password} and ${confirmpassword}" owner="RegisterPageKeywords" source_name="When user login to future skill platform with ${email} and ${firstname} and ${lastname} and ${phone} and ${password} and ${confirmpassword}">
<kw name="Wait until element is ready then click element" owner="CommonKeywords">
<kw name="Wait Until Keyword Succeeds" owner="BuiltIn">
<kw name="Click Element" owner="SeleniumLibrary">
<msg time="2024-09-22T01:27:39.814114" level="INFO">Clicking element 'xpath=//button[text()="สมัครสมาชิก"]'.</msg>
<msg time="2024-09-22T01:27:39.998994" level="INFO" html="true">&lt;/td&gt;&lt;/tr&gt;&lt;tr&gt;&lt;td colspan="3"&gt;&lt;a href="selenium-screenshot-21.png"&gt;&lt;img src="selenium-screenshot-21.png" width="800px"&gt;&lt;/a&gt;</msg>
<msg time="2024-09-22T01:27:39.998994" level="FAIL">Element with locator 'xpath=//button[text()="สมัครสมาชิก"]' not found.</msg>
<arg>${locator}</arg>
<doc>Click the element identified by ``locator``.</doc>
<status status="FAIL" start="2024-09-22T01:27:39.812813" elapsed="0.189736">Element with locator 'xpath=//button[text()="สมัครสมาชิก"]' not found.</status>
</kw>
<kw name="Click Element" owner="SeleniumLibrary">
<msg time="2024-09-22T01:27:42.003672" level="INFO">Clicking element 'xpath=//button[text()="สมัครสมาชิก"]'.</msg>
<arg>${locator}</arg>
<doc>Click the element identified by ``locator``.</doc>
<status status="PASS" start="2024-09-22T01:27:42.003672" elapsed="0.667682"/>
</kw>
<arg>5x</arg>
<arg>2s</arg>
<arg>Click Element</arg>
<arg>${locator}</arg>
<doc>Runs the specified keyword and retries if it fails.</doc>
<status status="PASS" start="2024-09-22T01:27:39.812813" elapsed="2.858541"/>
</kw>
<arg>xpath=//button[text()="สมัครสมาชิก"]</arg>
<status status="PASS" start="2024-09-22T01:27:39.811814" elapsed="2.860541"/>
</kw>
<kw name="Wait until element is ready then input text" owner="CommonKeywords">
<kw name="Wait Until Keyword Succeeds" owner="BuiltIn">
<kw name="Input Text" owner="SeleniumLibrary">
<msg time="2024-09-22T01:27:42.675885" level="INFO">Typing text 'Inwza007@gmail.com' into text field 'name=email'.</msg>
<arg>${locator}</arg>
<arg>${text}</arg>
<doc>Types the given ``text`` into the text field identified by ``locator``.</doc>
<status status="PASS" start="2024-09-22T01:27:42.675885" elapsed="0.400896"/>
</kw>
<arg>5x</arg>
<arg>2s</arg>
<arg>Input Text</arg>
<arg>${locator}</arg>
<arg>${text}</arg>
<doc>Runs the specified keyword and retries if it fails.</doc>
<status status="PASS" start="2024-09-22T01:27:42.674866" elapsed="0.401915"/>
</kw>
<arg>name=email</arg>
<arg>${email}</arg>
<status status="PASS" start="2024-09-22T01:27:42.673356" elapsed="0.403928"/>
</kw>
<kw name="Wait until element is ready then input text" owner="CommonKeywords">
<kw name="Wait Until Keyword Succeeds" owner="BuiltIn">
<kw name="Input Text" owner="SeleniumLibrary">
<msg time="2024-09-22T01:27:43.078284" level="INFO">Typing text 'Inwza007' into text field 'name=firstName'.</msg>
<arg>${locator}</arg>
<arg>${text}</arg>
<doc>Types the given ``text`` into the text field identified by ``locator``.</doc>
<status status="PASS" start="2024-09-22T01:27:43.077284" elapsed="0.078665"/>
</kw>
<arg>5x</arg>
<arg>2s</arg>
<arg>Input Text</arg>
<arg>${locator}</arg>
<arg>${text}</arg>
<doc>Runs the specified keyword and retries if it fails.</doc>
<status status="PASS" start="2024-09-22T01:27:43.077284" elapsed="0.078665"/>
</kw>
<arg>name=firstName</arg>
<arg>${firstname}</arg>
<status status="PASS" start="2024-09-22T01:27:43.077284" elapsed="0.078665"/>
</kw>
<kw name="Wait until element is ready then input text" owner="CommonKeywords">
<kw name="Wait Until Keyword Succeeds" owner="BuiltIn">
<kw name="Input Text" owner="SeleniumLibrary">
<msg time="2024-09-22T01:27:43.157449" level="INFO">Typing text 'LuciferX' into text field 'name=lastName'.</msg>
<arg>${locator}</arg>
<arg>${text}</arg>
<doc>Types the given ``text`` into the text field identified by ``locator``.</doc>
<status status="PASS" start="2024-09-22T01:27:43.156945" elapsed="0.089742"/>
</kw>
<arg>5x</arg>
<arg>2s</arg>
<arg>Input Text</arg>
<arg>${locator}</arg>
<arg>${text}</arg>
<doc>Runs the specified keyword and retries if it fails.</doc>
<status status="PASS" start="2024-09-22T01:27:43.156945" elapsed="0.089742"/>
</kw>
<arg>name=lastName</arg>
<arg>${lastname}</arg>
<status status="PASS" start="2024-09-22T01:27:43.155949" elapsed="0.090738"/>
</kw>
<kw name="Wait until element is ready then input text" owner="CommonKeywords">
<kw name="Wait Until Keyword Succeeds" owner="BuiltIn">
<kw name="Input Text" owner="SeleniumLibrary">
<msg time="2024-09-22T01:27:43.247899" level="INFO">Typing text '0981094680' into text field 'name=phoneNumber'.</msg>
<arg>${locator}</arg>
<arg>${text}</arg>
<doc>Types the given ``text`` into the text field identified by ``locator``.</doc>
<status status="PASS" start="2024-09-22T01:27:43.247899" elapsed="0.082510"/>
</kw>
<arg>5x</arg>
<arg>2s</arg>
<arg>Input Text</arg>
<arg>${locator}</arg>
<arg>${text}</arg>
<doc>Runs the specified keyword and retries if it fails.</doc>
<status status="PASS" start="2024-09-22T01:27:43.247899" elapsed="0.082510"/>
</kw>
<arg>name=phoneNumber</arg>
<arg>${phone}</arg>
<status status="PASS" start="2024-09-22T01:27:43.246687" elapsed="0.083722"/>
</kw>
<kw name="Wait until element is ready then input text" owner="CommonKeywords">
<kw name="Wait Until Keyword Succeeds" owner="BuiltIn">
<kw name="Input Text" owner="SeleniumLibrary">
<msg time="2024-09-22T01:27:43.331425" level="INFO">Typing text '1234567AAsA!' into text field 'name=newPassword'.</msg>
<arg>${locator}</arg>
<arg>${text}</arg>
<doc>Types the given ``text`` into the text field identified by ``locator``.</doc>
<status status="PASS" start="2024-09-22T01:27:43.331425" elapsed="0.099063"/>
</kw>
<arg>5x</arg>
<arg>2s</arg>
<arg>Input Text</arg>
<arg>${locator}</arg>
<arg>${text}</arg>
<doc>Runs the specified keyword and retries if it fails.</doc>
<status status="PASS" start="2024-09-22T01:27:43.331425" elapsed="0.099063"/>
</kw>
<arg>name=newPassword</arg>
<arg>${password}</arg>
<status status="PASS" start="2024-09-22T01:27:43.330409" elapsed="0.100079"/>
</kw>
<kw name="Wait until element is ready then input text" owner="CommonKeywords">
<kw name="Wait Until Keyword Succeeds" owner="BuiltIn">
<kw name="Input Text" owner="SeleniumLibrary">
<msg time="2024-09-22T01:27:43.432007" level="INFO">Typing text '1234567AAsA!' into text field 'name=confirmPassword'.</msg>
<arg>${locator}</arg>
<arg>${text}</arg>
<doc>Types the given ``text`` into the text field identified by ``locator``.</doc>
<status status="PASS" start="2024-09-22T01:27:43.430488" elapsed="0.092658"/>
</kw>
<arg>5x</arg>
<arg>2s</arg>
<arg>Input Text</arg>
<arg>${locator}</arg>
<arg>${text}</arg>
<doc>Runs the specified keyword and retries if it fails.</doc>
<status status="PASS" start="2024-09-22T01:27:43.430488" elapsed="0.092658"/>
</kw>
<arg>name=confirmPassword</arg>
<arg>${confirmpassword}</arg>
<status status="PASS" start="2024-09-22T01:27:43.430488" elapsed="0.092658"/>
</kw>
<kw name="Wait until element is ready then click element" owner="CommonKeywords">
<kw name="Wait Until Keyword Succeeds" owner="BuiltIn">
<kw name="Click Element" owner="SeleniumLibrary">
<msg time="2024-09-22T01:27:43.525656" level="INFO">Clicking element 'xpath=//input[@type="checkbox"]'.</msg>
<arg>${locator}</arg>
<doc>Click the element identified by ``locator``.</doc>
<status status="PASS" start="2024-09-22T01:27:43.524147" elapsed="0.049661"/>
</kw>
<arg>5x</arg>
<arg>2s</arg>
<arg>Click Element</arg>
<arg>${locator}</arg>
<doc>Runs the specified keyword and retries if it fails.</doc>
<status status="PASS" start="2024-09-22T01:27:43.524147" elapsed="0.050663"/>
</kw>
<arg>xpath=//input[@type="checkbox"]</arg>
<status status="PASS" start="2024-09-22T01:27:43.524147" elapsed="0.050663"/>
</kw>
<kw name="Wait until element is ready then click element" owner="CommonKeywords">
<kw name="Wait Until Keyword Succeeds" owner="BuiltIn">
<kw name="Click Element" owner="SeleniumLibrary">
<msg time="2024-09-22T01:27:43.576803" level="INFO">Clicking element 'xpath=//button[text()="สมัครสมาชิก"]'.</msg>
<arg>${locator}</arg>
<doc>Click the element identified by ``locator``.</doc>
<status status="PASS" start="2024-09-22T01:27:43.575806" elapsed="0.081051"/>
</kw>
<arg>5x</arg>
<arg>2s</arg>
<arg>Click Element</arg>
<arg>${locator}</arg>
<doc>Runs the specified keyword and retries if it fails.</doc>
<status status="PASS" start="2024-09-22T01:27:43.575806" elapsed="0.082067"/>
</kw>
<arg>xpath=//button[text()="สมัครสมาชิก"]</arg>
<status status="PASS" start="2024-09-22T01:27:43.574810" elapsed="0.083063"/>
</kw>
<status status="PASS" start="2024-09-22T01:27:39.809553" elapsed="3.848320"/>
</kw>
<kw name="When Wait until element is ready to read text" owner="CommonKeywords">
<kw name="Wait Until Element Is Visible" owner="SeleniumLibrary">
<arg>${locator}</arg>
<arg>timeout=${timeout}</arg>
<doc>Waits until the element ``locator`` is visible.</doc>
<status status="PASS" start="2024-09-22T01:27:43.658869" elapsed="2.083941"/>
</kw>
<kw name="Wait Until Element Contains" owner="SeleniumLibrary">
<arg>${locator}</arg>
<arg>${expected_text}</arg>
<arg>timeout=${timeout}</arg>
<arg>error=Expected text "${expected_text}" not found in element "${locator}" after ${timeout}</arg>
<doc>Waits until the element ``locator`` contains ``text``.</doc>
<status status="PASS" start="2024-09-22T01:27:45.742810" elapsed="0.017609"/>
</kw>
<arg>xpath=//h6[@class='text-center']</arg>
<arg>ระบบได้ส่งรหัส OTP ไปยังเบอร์โทรศัพท์</arg>
<status status="PASS" start="2024-09-22T01:27:43.657873" elapsed="2.102546"/>
</kw>
<status status="PASS" start="2024-09-22T01:27:39.807027" elapsed="5.954410"/>
</test>
<kw name="Close Browser" owner="SeleniumLibrary" type="TEARDOWN">
<doc>Closes the current browser.</doc>
<status status="PASS" start="2024-09-22T01:27:45.762436" elapsed="2.267879"/>
</kw>
<status status="PASS" start="2024-09-22T01:27:37.295335" elapsed="10.734980"/>
</suite>
<statistics>
<total>
<stat pass="1" fail="0" skip="0">All Tests</stat>
</total>
<tag>
</tag>
<suite>
<stat pass="1" fail="0" skip="0" id="s1" name="RegisterTestcases">RegisterTestcases</stat>
</suite>
</statistics>
<errors>
</errors>
</robot>
